<?xml version="1.0" encoding="UTF-8"?>
<!-- Generated by org.testng.reporters.JUnitXMLReporter -->
<testsuite hostname="DESKTOP-IA0DLJF" ignored="3" name="TestFirefox" tests="4" failures="0" timestamp="12 May 2019 12:52:51 GMT" time="574.596" errors="0">
  <testcase name="TC5" time="44.971" classname="test.java.com.pulse.Test.ValidLogin3"/>
  <testcase name="TC6" time="34.342" classname="test.java.com.pulse.Test.ValidLogin3"/>
  <testcase name="TC7" time="247.753" classname="test.java.com.pulse.Test.ValidLogin4"/>
  <testcase name="TC8" time="128.256" classname="test.java.com.pulse.Test.ValidLogin4"/>
  <testcase name="@BeforeSuite beforeSuite" time="0.0" classname="main.java.generic.BaseTest">
    <ignored/>
  </testcase> <!-- @BeforeSuite beforeSuite -->
  <testcase name="@BeforeTest beforeTest" time="0.0" classname="main.java.generic.BaseTest">
    <ignored/>
  </testcase> <!-- @BeforeTest beforeTest -->
  <testcase name="@AfterSuite testDown" time="0.0" classname="main.java.generic.BaseTest">
    <ignored/>
  </testcase> <!-- @AfterSuite testDown -->
</testsuite> <!-- TestFirefox -->
