<?xml version="1.0" encoding="UTF-8"?>
<!-- Generated by org.testng.reporters.JUnitXMLReporter -->
<testsuite hostname="DESKTOP-IA0DLJF" ignored="3" name="TestChrome" tests="4" failures="1" timestamp="12 May 2019 12:50:34 GMT" time="410.369" errors="0">
  <testcase name="TC1" time="41.693" classname="test.java.com.pulse.Test.ValidLogin1"/>
  <testcase name="TC2" time="23.685" classname="test.java.com.pulse.Test.ValidLogin1">
    <failure type="java.lang.AssertionError" message="expected [Facebook ï¿½ log in or sign up] but found [Google]">
      <![CDATA[java.lang.AssertionError: expected [Facebook ï¿½ log in or sign up] but found [Google]
at test.java.com.pulse.Test.ValidLogin1.TC2(ValidLogin1.java:132)
at java.util.concurrent.FutureTask.run(FutureTask.java:266)
at java.util.concurrent.ThreadPoolExecutor.runWorker(ThreadPoolExecutor.java:1149)
at java.util.concurrent.ThreadPoolExecutor$Worker.run(ThreadPoolExecutor.java:624)
at java.lang.Thread.run(Thread.java:748)
... Removed 22 stack frames]]>
    </failure>
  </testcase> <!-- TC2 -->
  <testcase name="TC3" time="97.205" classname="test.java.com.pulse.Test.ValidLogin2"/>
  <testcase name="TC4" time="113.676" classname="test.java.com.pulse.Test.ValidLogin2"/>
  <testcase name="@BeforeSuite beforeSuite" time="0.0" classname="main.java.generic.BaseTest">
    <ignored/>
  </testcase> <!-- @BeforeSuite beforeSuite -->
  <testcase name="@BeforeTest beforeTest" time="0.0" classname="main.java.generic.BaseTest">
    <ignored/>
  </testcase> <!-- @BeforeTest beforeTest -->
  <testcase name="@AfterSuite testDown" time="0.0" classname="main.java.generic.BaseTest">
    <ignored/>
  </testcase> <!-- @AfterSuite testDown -->
</testsuite> <!-- TestChrome -->
