<?xml version="1.0" encoding="UTF-8"?>
<testng-results skipped="0" failed="1" ignored="6" total="14" passed="7">
  <reporter-output>
  </reporter-output>
  <suite name="Extent Parallel Test" duration-ms="574596" started-at="2019-05-12T12:43:15Z" finished-at="2019-05-12T12:52:49Z">
    <groups>
      <group name="abc">
        <method signature="ValidLogin1.TC1(java.lang.reflect.Method)[pri:0, instance:test.java.com.pulse.Test.ValidLogin1@6ebc05a6]" name="TC1" class="test.java.com.pulse.Test.ValidLogin1"/>
      </group> <!-- abc -->
    </groups>
    <test name="TestChrome" duration-ms="410369" started-at="2019-05-12T12:43:15Z" finished-at="2019-05-12T12:50:05Z">
      <class name="test.java.com.pulse.Test.ValidLogin2">
        <test-method status="PASS" signature="beforeClass(org.testng.ITestContext)[pri:0, instance:test.java.com.pulse.Test.ValidLogin2@6e6c3152]" name="beforeClass" is-config="true" duration-ms="1" started-at="2019-05-12T12:45:38Z" finished-at="2019-05-12T12:45:38Z">
          <params>
            <param index="0">
              <value>
                <![CDATA[org.testng.TestRunner@2890c451]]>
              </value>
            </param>
          </params>
          <reporter-output>
          </reporter-output>
        </test-method> <!-- beforeClass -->
        <test-method status="PASS" signature="beforeMethod(java.lang.reflect.Method, java.lang.String)[pri:0, instance:test.java.com.pulse.Test.ValidLogin2@6e6c3152]" name="beforeMethod" is-config="true" duration-ms="14775" started-at="2019-05-12T12:45:38Z" finished-at="2019-05-12T12:45:53Z">
          <params>
            <param index="0">
              <value>
                <![CDATA[public void test.java.com.pulse.Test.ValidLogin2.TC3(java.lang.reflect.Method) throws java.lang.Exception]]>
              </value>
            </param>
            <param index="1">
              <value>
                <![CDATA[chrome]]>
              </value>
            </param>
          </params>
          <reporter-output>
          </reporter-output>
        </test-method> <!-- beforeMethod -->
        <test-method status="PASS" signature="TC3(java.lang.reflect.Method)[pri:0, instance:test.java.com.pulse.Test.ValidLogin2@6e6c3152]" name="TC3" duration-ms="97205" started-at="2019-05-12T12:45:53Z" description="This test case verifies whether the reading check box is selected." finished-at="2019-05-12T12:47:30Z">
          <params>
            <param index="0">
              <value>
                <![CDATA[public void test.java.com.pulse.Test.ValidLogin2.TC3(java.lang.reflect.Method) throws java.lang.Exception]]>
              </value>
            </param>
          </params>
          <reporter-output>
          </reporter-output>
        </test-method> <!-- TC3 -->
        <test-method status="PASS" signature="tearDown(org.testng.ITestResult)[pri:0, instance:test.java.com.pulse.Test.ValidLogin2@6e6c3152]" name="tearDown" is-config="true" duration-ms="3516" started-at="2019-05-12T12:47:30Z" finished-at="2019-05-12T12:47:34Z">
          <params>
            <param index="0">
              <value>
                <![CDATA[[TestResult name=TC3 status=SUCCESS method=ValidLogin2.TC3(java.lang.reflect.Method)[pri:0, instance:test.java.com.pulse.Test.ValidLogin2@6e6c3152] output={null}]]]>
              </value>
            </param>
          </params>
          <reporter-output>
          </reporter-output>
        </test-method> <!-- tearDown -->
        <test-method status="PASS" signature="beforeMethod(java.lang.reflect.Method, java.lang.String)[pri:0, instance:test.java.com.pulse.Test.ValidLogin2@6e6c3152]" name="beforeMethod" is-config="true" duration-ms="32181" started-at="2019-05-12T12:47:34Z" finished-at="2019-05-12T12:48:06Z">
          <params>
            <param index="0">
              <value>
                <![CDATA[public void test.java.com.pulse.Test.ValidLogin2.TC4(java.lang.reflect.Method) throws java.lang.Exception]]>
              </value>
            </param>
            <param index="1">
              <value>
                <![CDATA[chrome]]>
              </value>
            </param>
          </params>
          <reporter-output>
          </reporter-output>
        </test-method> <!-- beforeMethod -->
        <test-method status="PASS" signature="TC4(java.lang.reflect.Method)[pri:0, instance:test.java.com.pulse.Test.ValidLogin2@6e6c3152]" name="TC4" duration-ms="113676" started-at="2019-05-12T12:48:06Z" description="This test case verifies whether the country is selected." finished-at="2019-05-12T12:50:00Z">
          <params>
            <param index="0">
              <value>
                <![CDATA[public void test.java.com.pulse.Test.ValidLogin2.TC4(java.lang.reflect.Method) throws java.lang.Exception]]>
              </value>
            </param>
          </params>
          <reporter-output>
          </reporter-output>
        </test-method> <!-- TC4 -->
        <test-method status="PASS" signature="tearDown(org.testng.ITestResult)[pri:0, instance:test.java.com.pulse.Test.ValidLogin2@6e6c3152]" name="tearDown" is-config="true" duration-ms="4752" started-at="2019-05-12T12:50:00Z" finished-at="2019-05-12T12:50:05Z">
          <params>
            <param index="0">
              <value>
                <![CDATA[[TestResult name=TC4 status=SUCCESS method=ValidLogin2.TC4(java.lang.reflect.Method)[pri:0, instance:test.java.com.pulse.Test.ValidLogin2@6e6c3152] output={null}]]]>
              </value>
            </param>
          </params>
          <reporter-output>
          </reporter-output>
        </test-method> <!-- tearDown -->
        <test-method status="PASS" signature="afterClass()[pri:0, instance:test.java.com.pulse.Test.ValidLogin2@6e6c3152]" name="afterClass" is-config="true" duration-ms="594" started-at="2019-05-12T12:50:05Z" finished-at="2019-05-12T12:50:05Z">
          <reporter-output>
          </reporter-output>
        </test-method> <!-- afterClass -->
      </class> <!-- test.java.com.pulse.Test.ValidLogin2 -->
      <class name="test.java.com.pulse.Test.ValidLogin1">
        <test-method status="PASS" signature="beforeTest(org.testng.xml.XmlTest)[pri:0, instance:test.java.com.pulse.Test.ValidLogin1@6ebc05a6]" name="beforeTest" is-config="true" duration-ms="27" started-at="2019-05-12T12:43:15Z" finished-at="2019-05-12T12:43:15Z">
          <params>
            <param index="0">
              <value>
                <![CDATA[org.testng.xml.XmlTest@b16b978b]]>
              </value>
            </param>
          </params>
          <reporter-output>
          </reporter-output>
        </test-method> <!-- beforeTest -->
        <test-method status="PASS" signature="beforeClass(org.testng.ITestContext)[pri:0, instance:test.java.com.pulse.Test.ValidLogin1@6ebc05a6]" name="beforeClass" is-config="true" duration-ms="2" started-at="2019-05-12T12:43:15Z" finished-at="2019-05-12T12:43:15Z">
          <params>
            <param index="0">
              <value>
                <![CDATA[org.testng.TestRunner@2890c451]]>
              </value>
            </param>
          </params>
          <reporter-output>
          </reporter-output>
        </test-method> <!-- beforeClass -->
        <test-method status="PASS" signature="beforeMethod(java.lang.reflect.Method, java.lang.String)[pri:0, instance:test.java.com.pulse.Test.ValidLogin1@6ebc05a6]" name="beforeMethod" is-config="true" duration-ms="46723" started-at="2019-05-12T12:43:15Z" finished-at="2019-05-12T12:44:02Z">
          <params>
            <param index="0">
              <value>
                <![CDATA[public void test.java.com.pulse.Test.ValidLogin1.TC1(java.lang.reflect.Method) throws java.lang.InterruptedException]]>
              </value>
            </param>
            <param index="1">
              <value>
                <![CDATA[chrome]]>
              </value>
            </param>
          </params>
          <reporter-output>
          </reporter-output>
        </test-method> <!-- beforeMethod -->
        <test-method status="PASS" signature="TC1(java.lang.reflect.Method)[pri:0, instance:test.java.com.pulse.Test.ValidLogin1@6ebc05a6]" name="TC1" duration-ms="41693" started-at="2019-05-12T12:44:02Z" description="This test case is to verify that the firstname and lastname is entered." finished-at="2019-05-12T12:44:43Z">
          <params>
            <param index="0">
              <value>
                <![CDATA[public void test.java.com.pulse.Test.ValidLogin1.TC1(java.lang.reflect.Method) throws java.lang.InterruptedException]]>
              </value>
            </param>
          </params>
          <reporter-output>
          </reporter-output>
        </test-method> <!-- TC1 -->
        <test-method status="PASS" signature="tearDown(org.testng.ITestResult)[pri:0, instance:test.java.com.pulse.Test.ValidLogin1@6ebc05a6]" name="tearDown" is-config="true" duration-ms="4833" started-at="2019-05-12T12:44:43Z" finished-at="2019-05-12T12:44:48Z">
          <params>
            <param index="0">
              <value>
                <![CDATA[[TestResult name=TC1 status=SUCCESS method=ValidLogin1.TC1(java.lang.reflect.Method)[pri:0, instance:test.java.com.pulse.Test.ValidLogin1@6ebc05a6] output={null}]]]>
              </value>
            </param>
          </params>
          <reporter-output>
          </reporter-output>
        </test-method> <!-- tearDown -->
        <test-method status="PASS" signature="beforeMethod(java.lang.reflect.Method, java.lang.String)[pri:0, instance:test.java.com.pulse.Test.ValidLogin1@6ebc05a6]" name="beforeMethod" is-config="true" duration-ms="22415" started-at="2019-05-12T12:44:48Z" finished-at="2019-05-12T12:45:10Z">
          <params>
            <param index="0">
              <value>
                <![CDATA[public void test.java.com.pulse.Test.ValidLogin1.TC2(java.lang.reflect.Method) throws java.lang.InterruptedException]]>
              </value>
            </param>
            <param index="1">
              <value>
                <![CDATA[chrome]]>
              </value>
            </param>
          </params>
          <reporter-output>
          </reporter-output>
        </test-method> <!-- beforeMethod -->
        <test-method status="FAIL" signature="TC2(java.lang.reflect.Method)[pri:0, instance:test.java.com.pulse.Test.ValidLogin1@6ebc05a6]" name="TC2" duration-ms="23685" started-at="2019-05-12T12:45:10Z" description="This test case verifies whether the radio button single is selected." finished-at="2019-05-12T12:45:34Z">
          <params>
            <param index="0">
              <value>
                <![CDATA[public void test.java.com.pulse.Test.ValidLogin1.TC2(java.lang.reflect.Method) throws java.lang.InterruptedException]]>
              </value>
            </param>
          </params>
          <exception class="java.lang.AssertionError">
            <message>
              <![CDATA[expected [Facebook ï¿½ log in or sign up] but found [Google]]]>
            </message>
            <full-stacktrace>
              <![CDATA[java.lang.AssertionError: expected [Facebook ï¿½ log in or sign up] but found [Google]
at org.testng.Assert.fail(Assert.java:96)
at org.testng.Assert.failNotEquals(Assert.java:776)
at org.testng.Assert.assertEqualsImpl(Assert.java:137)
at org.testng.Assert.assertEquals(Assert.java:118)
at org.testng.Assert.assertEquals(Assert.java:453)
at org.testng.Assert.assertEquals(Assert.java:463)
at test.java.com.pulse.Test.ValidLogin1.TC2(ValidLogin1.java:132)
at sun.reflect.NativeMethodAccessorImpl.invoke0(Native Method)
at sun.reflect.NativeMethodAccessorImpl.invoke(NativeMethodAccessorImpl.java:62)
at sun.reflect.DelegatingMethodAccessorImpl.invoke(DelegatingMethodAccessorImpl.java:43)
at java.lang.reflect.Method.invoke(Method.java:498)
at org.testng.internal.MethodInvocationHelper.invokeMethod(MethodInvocationHelper.java:124)
at org.testng.internal.Invoker.invokeMethod(Invoker.java:580)
at org.testng.internal.Invoker.invokeTestMethod(Invoker.java:716)
at org.testng.internal.Invoker.invokeTestMethods(Invoker.java:988)
at org.testng.internal.TestMethodWorker.invokeTestMethods(TestMethodWorker.java:125)
at org.testng.internal.TestMethodWorker.run(TestMethodWorker.java:109)
at org.testng.TestRunner.privateRun(TestRunner.java:648)
at org.testng.TestRunner.run(TestRunner.java:505)
at org.testng.SuiteRunner.runTest(SuiteRunner.java:455)
at org.testng.SuiteRunner.access$000(SuiteRunner.java:40)
at org.testng.SuiteRunner$SuiteWorker.run(SuiteRunner.java:489)
at org.testng.internal.thread.ThreadUtil$1.call(ThreadUtil.java:52)
at java.util.concurrent.FutureTask.run(FutureTask.java:266)
at java.util.concurrent.ThreadPoolExecutor.runWorker(ThreadPoolExecutor.java:1149)
at java.util.concurrent.ThreadPoolExecutor$Worker.run(ThreadPoolExecutor.java:624)
at java.lang.Thread.run(Thread.java:748)
]]>
            </full-stacktrace>
          </exception> <!-- java.lang.AssertionError -->
          <reporter-output>
          </reporter-output>
        </test-method> <!-- TC2 -->
        <test-method status="PASS" signature="tearDown(org.testng.ITestResult)[pri:0, instance:test.java.com.pulse.Test.ValidLogin1@6ebc05a6]" name="tearDown" is-config="true" duration-ms="1577" started-at="2019-05-12T12:45:35Z" finished-at="2019-05-12T12:45:36Z">
          <params>
            <param index="0">
              <value>
                <![CDATA[[TestResult name=TC2 status=FAILURE method=ValidLogin1.TC2(java.lang.reflect.Method)[pri:0, instance:test.java.com.pulse.Test.ValidLogin1@6ebc05a6] output={null}]]]>
              </value>
            </param>
          </params>
          <reporter-output>
          </reporter-output>
        </test-method> <!-- tearDown -->
        <test-method status="PASS" signature="afterClass()[pri:0, instance:test.java.com.pulse.Test.ValidLogin1@6ebc05a6]" name="afterClass" is-config="true" duration-ms="2012" started-at="2019-05-12T12:45:36Z" finished-at="2019-05-12T12:45:38Z">
          <reporter-output>
          </reporter-output>
        </test-method> <!-- afterClass -->
      </class> <!-- test.java.com.pulse.Test.ValidLogin1 -->
    </test> <!-- TestChrome -->
    <test name="TestFirefox" duration-ms="574596" started-at="2019-05-12T12:43:15Z" finished-at="2019-05-12T12:52:49Z">
      <class name="test.java.com.pulse.Test.ValidLogin4">
        <test-method status="PASS" signature="beforeClass(org.testng.ITestContext)[pri:0, instance:test.java.com.pulse.Test.ValidLogin4@51cdd8a]" name="beforeClass" is-config="true" duration-ms="6" started-at="2019-05-12T12:45:38Z" finished-at="2019-05-12T12:45:38Z">
          <params>
            <param index="0">
              <value>
                <![CDATA[org.testng.TestRunner@40e6dfe1]]>
              </value>
            </param>
          </params>
          <reporter-output>
          </reporter-output>
        </test-method> <!-- beforeClass -->
        <test-method status="PASS" signature="beforeMethod(java.lang.reflect.Method, java.lang.String)[pri:0, instance:test.java.com.pulse.Test.ValidLogin4@51cdd8a]" name="beforeMethod" is-config="true" duration-ms="14566" started-at="2019-05-12T12:45:38Z" finished-at="2019-05-12T12:45:52Z">
          <params>
            <param index="0">
              <value>
                <![CDATA[public void test.java.com.pulse.Test.ValidLogin4.TC7(java.lang.reflect.Method) throws java.lang.Exception]]>
              </value>
            </param>
            <param index="1">
              <value>
                <![CDATA[chrome]]>
              </value>
            </param>
          </params>
          <reporter-output>
          </reporter-output>
        </test-method> <!-- beforeMethod -->
        <test-method status="PASS" signature="TC7(java.lang.reflect.Method)[pri:0, instance:test.java.com.pulse.Test.ValidLogin4@51cdd8a]" name="TC7" duration-ms="247753" started-at="2019-05-12T12:45:52Z" finished-at="2019-05-12T12:50:00Z">
          <params>
            <param index="0">
              <value>
                <![CDATA[public void test.java.com.pulse.Test.ValidLogin4.TC7(java.lang.reflect.Method) throws java.lang.Exception]]>
              </value>
            </param>
          </params>
          <reporter-output>
          </reporter-output>
        </test-method> <!-- TC7 -->
        <test-method status="PASS" signature="tearDown(org.testng.ITestResult)[pri:0, instance:test.java.com.pulse.Test.ValidLogin4@51cdd8a]" name="tearDown" is-config="true" duration-ms="5041" started-at="2019-05-12T12:50:00Z" finished-at="2019-05-12T12:50:05Z">
          <params>
            <param index="0">
              <value>
                <![CDATA[[TestResult name=TC7 status=SUCCESS method=ValidLogin4.TC7(java.lang.reflect.Method)[pri:0, instance:test.java.com.pulse.Test.ValidLogin4@51cdd8a] output={null}]]]>
              </value>
            </param>
          </params>
          <reporter-output>
          </reporter-output>
        </test-method> <!-- tearDown -->
        <test-method status="PASS" signature="beforeMethod(java.lang.reflect.Method, java.lang.String)[pri:0, instance:test.java.com.pulse.Test.ValidLogin4@51cdd8a]" name="beforeMethod" is-config="true" duration-ms="30301" started-at="2019-05-12T12:50:05Z" finished-at="2019-05-12T12:50:36Z">
          <params>
            <param index="0">
              <value>
                <![CDATA[public void test.java.com.pulse.Test.ValidLogin4.TC8(java.lang.reflect.Method) throws java.lang.Exception]]>
              </value>
            </param>
            <param index="1">
              <value>
                <![CDATA[chrome]]>
              </value>
            </param>
          </params>
          <reporter-output>
          </reporter-output>
        </test-method> <!-- beforeMethod -->
        <test-method status="PASS" signature="TC8(java.lang.reflect.Method)[pri:0, instance:test.java.com.pulse.Test.ValidLogin4@51cdd8a]" name="TC8" duration-ms="128256" started-at="2019-05-12T12:50:36Z" finished-at="2019-05-12T12:52:44Z">
          <params>
            <param index="0">
              <value>
                <![CDATA[public void test.java.com.pulse.Test.ValidLogin4.TC8(java.lang.reflect.Method) throws java.lang.Exception]]>
              </value>
            </param>
          </params>
          <reporter-output>
          </reporter-output>
        </test-method> <!-- TC8 -->
        <test-method status="PASS" signature="tearDown(org.testng.ITestResult)[pri:0, instance:test.java.com.pulse.Test.ValidLogin4@51cdd8a]" name="tearDown" is-config="true" duration-ms="5460" started-at="2019-05-12T12:52:44Z" finished-at="2019-05-12T12:52:49Z">
          <params>
            <param index="0">
              <value>
                <![CDATA[[TestResult name=TC8 status=SUCCESS method=ValidLogin4.TC8(java.lang.reflect.Method)[pri:0, instance:test.java.com.pulse.Test.ValidLogin4@51cdd8a] output={null}]]]>
              </value>
            </param>
          </params>
          <reporter-output>
          </reporter-output>
        </test-method> <!-- tearDown -->
        <test-method status="PASS" signature="afterClass()[pri:0, instance:test.java.com.pulse.Test.ValidLogin4@51cdd8a]" name="afterClass" is-config="true" duration-ms="99" started-at="2019-05-12T12:52:49Z" finished-at="2019-05-12T12:52:49Z">
          <reporter-output>
          </reporter-output>
        </test-method> <!-- afterClass -->
      </class> <!-- test.java.com.pulse.Test.ValidLogin4 -->
      <class name="test.java.com.pulse.Test.ValidLogin3">
        <test-method status="PASS" signature="beforeSuite()[pri:0, instance:test.java.com.pulse.Test.ValidLogin3@7f13d6e]" name="beforeSuite" is-config="true" duration-ms="665" started-at="2019-05-12T12:43:14Z" finished-at="2019-05-12T12:43:15Z">
          <reporter-output>
          </reporter-output>
        </test-method> <!-- beforeSuite -->
        <test-method status="PASS" signature="beforeTest(org.testng.xml.XmlTest)[pri:0, instance:test.java.com.pulse.Test.ValidLogin3@7f13d6e]" name="beforeTest" is-config="true" duration-ms="18" started-at="2019-05-12T12:43:15Z" finished-at="2019-05-12T12:43:15Z">
          <params>
            <param index="0">
              <value>
                <![CDATA[org.testng.xml.XmlTest@f5d715f0]]>
              </value>
            </param>
          </params>
          <reporter-output>
          </reporter-output>
        </test-method> <!-- beforeTest -->
        <test-method status="PASS" signature="beforeClass(org.testng.ITestContext)[pri:0, instance:test.java.com.pulse.Test.ValidLogin3@7f13d6e]" name="beforeClass" is-config="true" duration-ms="2" started-at="2019-05-12T12:43:15Z" finished-at="2019-05-12T12:43:15Z">
          <params>
            <param index="0">
              <value>
                <![CDATA[org.testng.TestRunner@40e6dfe1]]>
              </value>
            </param>
          </params>
          <reporter-output>
          </reporter-output>
        </test-method> <!-- beforeClass -->
        <test-method status="PASS" signature="beforeMethod(java.lang.reflect.Method, java.lang.String)[pri:0, instance:test.java.com.pulse.Test.ValidLogin3@7f13d6e]" name="beforeMethod" is-config="true" duration-ms="46725" started-at="2019-05-12T12:43:15Z" finished-at="2019-05-12T12:44:02Z">
          <params>
            <param index="0">
              <value>
                <![CDATA[public void test.java.com.pulse.Test.ValidLogin3.TC5(java.lang.reflect.Method) throws java.lang.Exception]]>
              </value>
            </param>
            <param index="1">
              <value>
                <![CDATA[chrome]]>
              </value>
            </param>
          </params>
          <reporter-output>
          </reporter-output>
        </test-method> <!-- beforeMethod -->
        <test-method status="PASS" signature="TC5(java.lang.reflect.Method)[pri:0, instance:test.java.com.pulse.Test.ValidLogin3@7f13d6e]" name="TC5" duration-ms="44971" started-at="2019-05-12T12:44:02Z" finished-at="2019-05-12T12:44:47Z">
          <params>
            <param index="0">
              <value>
                <![CDATA[public void test.java.com.pulse.Test.ValidLogin3.TC5(java.lang.reflect.Method) throws java.lang.Exception]]>
              </value>
            </param>
          </params>
          <reporter-output>
          </reporter-output>
        </test-method> <!-- TC5 -->
        <test-method status="PASS" signature="tearDown(org.testng.ITestResult)[pri:0, instance:test.java.com.pulse.Test.ValidLogin3@7f13d6e]" name="tearDown" is-config="true" duration-ms="2184" started-at="2019-05-12T12:44:47Z" finished-at="2019-05-12T12:44:49Z">
          <params>
            <param index="0">
              <value>
                <![CDATA[[TestResult name=TC5 status=SUCCESS method=ValidLogin3.TC5(java.lang.reflect.Method)[pri:0, instance:test.java.com.pulse.Test.ValidLogin3@7f13d6e] output={null}]]]>
              </value>
            </param>
          </params>
          <reporter-output>
          </reporter-output>
        </test-method> <!-- tearDown -->
        <test-method status="PASS" signature="beforeMethod(java.lang.reflect.Method, java.lang.String)[pri:0, instance:test.java.com.pulse.Test.ValidLogin3@7f13d6e]" name="beforeMethod" is-config="true" duration-ms="14570" started-at="2019-05-12T12:44:49Z" finished-at="2019-05-12T12:45:03Z">
          <params>
            <param index="0">
              <value>
                <![CDATA[public void test.java.com.pulse.Test.ValidLogin3.TC6(java.lang.reflect.Method) throws java.lang.Exception]]>
              </value>
            </param>
            <param index="1">
              <value>
                <![CDATA[chrome]]>
              </value>
            </param>
          </params>
          <reporter-output>
          </reporter-output>
        </test-method> <!-- beforeMethod -->
        <test-method status="PASS" signature="TC6(java.lang.reflect.Method)[pri:0, instance:test.java.com.pulse.Test.ValidLogin3@7f13d6e]" name="TC6" duration-ms="34342" started-at="2019-05-12T12:45:03Z" finished-at="2019-05-12T12:45:38Z">
          <params>
            <param index="0">
              <value>
                <![CDATA[public void test.java.com.pulse.Test.ValidLogin3.TC6(java.lang.reflect.Method) throws java.lang.Exception]]>
              </value>
            </param>
          </params>
          <reporter-output>
          </reporter-output>
        </test-method> <!-- TC6 -->
        <test-method status="PASS" signature="tearDown(org.testng.ITestResult)[pri:0, instance:test.java.com.pulse.Test.ValidLogin3@7f13d6e]" name="tearDown" is-config="true" duration-ms="125" started-at="2019-05-12T12:45:38Z" finished-at="2019-05-12T12:45:38Z">
          <params>
            <param index="0">
              <value>
                <![CDATA[[TestResult name=TC6 status=SUCCESS method=ValidLogin3.TC6(java.lang.reflect.Method)[pri:0, instance:test.java.com.pulse.Test.ValidLogin3@7f13d6e] output={null}]]]>
              </value>
            </param>
          </params>
          <reporter-output>
          </reporter-output>
        </test-method> <!-- tearDown -->
        <test-method status="PASS" signature="afterClass()[pri:0, instance:test.java.com.pulse.Test.ValidLogin3@7f13d6e]" name="afterClass" is-config="true" duration-ms="105" started-at="2019-05-12T12:45:38Z" finished-at="2019-05-12T12:45:38Z">
          <reporter-output>
          </reporter-output>
        </test-method> <!-- afterClass -->
        <test-method status="PASS" signature="testDown()[pri:0, instance:test.java.com.pulse.Test.ValidLogin3@7f13d6e]" name="testDown" is-config="true" duration-ms="1" started-at="2019-05-12T12:52:52Z" finished-at="2019-05-12T12:52:52Z">
          <reporter-output>
          </reporter-output>
        </test-method> <!-- testDown -->
      </class> <!-- test.java.com.pulse.Test.ValidLogin3 -->
    </test> <!-- TestFirefox -->
  </suite> <!-- Extent Parallel Test -->
</testng-results>
